<?xml version="1.0" encoding="UTF-8"?>
<!-- Generated by org.testng.reporters.JUnitXMLReporter -->
<testsuite ignored="0" hostname="YRUS" failures="1" tests="12" name="Test" time="91.427" errors="0" timestamp="2024-05-03T04:09:39 EDT">
  <testcase classname="testCases.TC_RF_001_AccountRegistration" name="verify_account_registration" time="2.125"/>
  <testcase classname="testCases.TC_LF_001_LoginUsingValidCredentials" name="verify_login" time="1.381"/>
  <testcase classname="testCases.TC_LG_001_Logout_Functionality" name="verify_login" time="2.187"/>
  <testcase classname="testCases.TC_ATC_001_Adding_product_to_Cart" name="verify_login" time="5.405"/>
  <testcase classname="testCases.TC_ATC_002_Remove_Product_from_Cart" name="verify_login" time="9.838"/>
  <testcase classname="testCases.TC_RF_003_AccountRegistrationwithIncorrectSucessMsg" name="verify_account_registration" time="1.611">
    <failure type="java.lang.AssertionError" message="null">
      <![CDATA[java.lang.AssertionError: null
at testCases.TC_RF_003_AccountRegistrationwithIncorrectSucessMsg.verify_account_registration(TC_RF_003_AccountRegistrationwithIncorrectSucessMsg.java:53)
at java.base/java.util.ArrayList.forEach(ArrayList.java:1596)
... Removed 27 stack frames]]>
    </failure>
  </testcase> <!-- verify_account_registration -->
  <testcase classname="testCases.TC_RF_002_AccountRegistrationWithNoData_Neg" name="verify_account_registration_no_data" time="0.606"/>
  <testcase classname="testCases.TC_LF_002_003_004_LoginDDT" name="verify_loginDDT" time="1.842"/>
  <testcase classname="testCases.TC_LF_002_003_004_LoginDDT" name="verify_loginDDT" time="10.929"/>
  <testcase classname="testCases.TC_LF_002_003_004_LoginDDT" name="verify_loginDDT" time="10.935"/>
  <testcase classname="testCases.TC_LF_002_003_004_LoginDDT" name="verify_loginDDT" time="11.163"/>
  <testcase classname="testCases.TC_LF_002_003_004_LoginDDT" name="verify_loginDDT" time="2.923"/>
</testsuite> <!-- Test -->
