<?xml version="1.0" encoding="UTF-8"?>
<!-- Generated by org.testng.reporters.JUnitXMLReporter -->
<testsuite ignored="0" hostname="YRUS" failures="1" tests="9" name="Test" time="63.801" errors="0" timestamp="2024-04-30T00:12:23 EDT">
  <testcase classname="testCases.TC_RF_001_AccountRegistration" name="verify_account_registration" time="2.327"/>
  <testcase classname="testCases.TC_LF_001_LoginUsingValidCredentials" name="verify_login" time="1.339"/>
  <testcase classname="testCases.TC_RF_003_AccountRegistrationwithIncorrectSucessMsg" name="verify_account_registration" time="2.331">
    <failure type="java.lang.AssertionError" message="null">
      <![CDATA[java.lang.AssertionError: null
at testCases.TC_RF_003_AccountRegistrationwithIncorrectSucessMsg.verify_account_registration(TC_RF_003_AccountRegistrationwithIncorrectSucessMsg.java:53)
at java.base/java.util.ArrayList.forEach(ArrayList.java:1596)
... Removed 31 stack frames]]>
    </failure>
  </testcase> <!-- verify_account_registration -->
  <testcase classname="testCases.TC_RF_002_AccountRegistrationWithNoData_Neg" name="verify_account_registration_no_data" time="0.588"/>
  <testcase classname="testCases.TC_LF_002_003_004_LoginDDT" name="verify_loginDDT" time="1.779"/>
  <testcase classname="testCases.TC_LF_002_003_004_LoginDDT" name="verify_loginDDT" time="11.243"/>
  <testcase classname="testCases.TC_LF_002_003_004_LoginDDT" name="verify_loginDDT" time="11.218"/>
  <testcase classname="testCases.TC_LF_002_003_004_LoginDDT" name="verify_loginDDT" time="11.258"/>
  <testcase classname="testCases.TC_LF_002_003_004_LoginDDT" name="verify_loginDDT" time="2.094"/>
</testsuite> <!-- Test -->
