<?xml version="1.0" encoding="UTF-8"?>
<testsuite xmlns:xsi="http://www.w3.org/2001/XMLSchema-instance" xsi:noNamespaceSchemaLocation="https://maven.apache.org/surefire/maven-surefire-plugin/xsd/surefire-test-report-3.0.xsd" version="3.0" name="TestSuite" time="99.003" tests="12" errors="0" skipped="0" failures="1">
  <properties>
[...]
</properties>
  <testcase name="verify_account_registration" classname="testCases.TC_RF_001_AccountRegistration" time="1.778">
    <system-out><![CDATA[Page Mazimized
10:56:00.544 [main] INFO  testCases.TC_RF_001_AccountRegistration - ******Starting TC_RF_001_AccountRegistrationTest******
10:56:01.033 [main] INFO  testCases.TC_RF_001_AccountRegistration - Clicked on registration link
10:56:01.033 [main] INFO  testCases.TC_RF_001_AccountRegistration - Entering customer info
10:56:02.275 [main] INFO  testCases.TC_RF_001_AccountRegistration - clicked on Register button..
10:56:02.308 [main] INFO  testCases.TC_RF_001_AccountRegistration - Validating expected message..
10:56:02.308 [main] INFO  testCases.TC_RF_001_AccountRegistration - Test Passed..
10:56:02.310 [main] INFO  testCases.TC_RF_001_AccountRegistration - ******Finished TC_RF_001_AccountRegistrationTest******
]]></system-out>
    <system-err><![CDATA[SLF4J: Failed to load class "org.slf4j.impl.StaticLoggerBinder".
SLF4J: Defaulting to no-operation (NOP) logger implementation
SLF4J: See http://www.slf4j.org/codes.html#StaticLoggerBinder for further details.
]]></system-err>
  </testcase>
  <testcase name="verify_login" classname="testCases.TC_LF_001_LoginUsingValidCredentials" time="1.206">
    <system-out><![CDATA[Page Mazimized
10:56:05.389 [main] INFO  testCases.TC_LF_001_LoginUsingValidCredentials - ******Starting TC_LF_001_LoginUsingValidCredentials******
10:56:05.811 [main] INFO  testCases.TC_LF_001_LoginUsingValidCredentials - Clicked on Login link
10:56:05.812 [main] INFO  testCases.TC_LF_001_LoginUsingValidCredentials - Entering valid email and password
10:56:06.498 [main] INFO  testCases.TC_LF_001_LoginUsingValidCredentials - Clicked on Login button
10:56:06.594 [main] INFO  testCases.TC_LF_001_LoginUsingValidCredentials - ******Finished TC_LF_001_LoginUsingValidCredentials******
]]></system-out>
  </testcase>
  <testcase name="verify_login" classname="testCases.TC_LG_001_Logout_Functionality" time="1.859">
    <system-out><![CDATA[Page Mazimized
10:56:09.699 [main] INFO  testCases.TC_LG_001_Logout_Functionality - ******Starting TC_LG_001_Logout_Functionality ******
10:56:10.084 [main] INFO  testCases.TC_LG_001_Logout_Functionality - Clicked on Login link
10:56:10.084 [main] INFO  testCases.TC_LG_001_Logout_Functionality - Entering valid email and password
10:56:10.748 [main] INFO  testCases.TC_LG_001_Logout_Functionality - Clicked on Login button
10:56:11.559 [main] INFO  testCases.TC_LG_001_Logout_Functionality - ******Finished TC_LG_001_Logout_Functionality ******
]]></system-out>
  </testcase>
  <testcase name="verify_login" classname="testCases.TC_ATC_001_Adding_product_to_Cart" time="5.375">
    <system-out><![CDATA[Page Mazimized
10:56:14.650 [main] INFO  testCases.TC_ATC_001_Adding_product_to_Cart - ******Starting TC_ATC_001_Adding_the_product_to_Cart******
10:56:15.063 [main] INFO  testCases.TC_ATC_001_Adding_product_to_Cart - Clicked on Login link
10:56:15.063 [main] INFO  testCases.TC_ATC_001_Adding_product_to_Cart - Entering valid email and password
10:56:15.751 [main] INFO  testCases.TC_ATC_001_Adding_product_to_Cart - Clicked on Login button
10:56:15.871 [main] INFO  testCases.TC_ATC_001_Adding_product_to_Cart - Click on Computer Menu
10:56:16.952 [main] INFO  testCases.TC_ATC_001_Adding_product_to_Cart - Click on Notebooks link
10:56:20.001 [main] INFO  testCases.TC_ATC_001_Adding_product_to_Cart - NoteBook added to the cart
The product has been added to your shopping cart
10:56:20.020 [main] INFO  testCases.TC_ATC_001_Adding_product_to_Cart - Validating expected message the product is added to shopping cart
10:56:20.020 [main] INFO  testCases.TC_ATC_001_Adding_product_to_Cart - Test Passed..
10:56:20.020 [main] INFO  testCases.TC_ATC_001_Adding_product_to_Cart - ******Finished TC_ATC_001_Adding_the_product_to_Cart******
]]></system-out>
  </testcase>
  <testcase name="verify_login" classname="testCases.TC_ATC_002_Remove_Product_from_Cart" time="9.544">
    <system-out><![CDATA[Page Mazimized
10:56:22.932 [main] INFO  testCases.TC_ATC_002_Remove_Product_from_Cart - ******Starting TC_ATC_002_Remove_Product_from_Cart******
10:56:23.330 [main] INFO  testCases.TC_ATC_002_Remove_Product_from_Cart - Clicked on Login link
10:56:23.330 [main] INFO  testCases.TC_ATC_002_Remove_Product_from_Cart - Entering valid email and password
10:56:24.002 [main] INFO  testCases.TC_ATC_002_Remove_Product_from_Cart - Clicked on Login button
10:56:24.159 [main] INFO  testCases.TC_ATC_002_Remove_Product_from_Cart - Click on Computer Menu
10:56:25.255 [main] INFO  testCases.TC_ATC_002_Remove_Product_from_Cart - Click on Notebooks link
10:56:28.311 [main] INFO  testCases.TC_ATC_002_Remove_Product_from_Cart - NoteBook added to the cart
The product has been added to your shopping cart
10:56:28.331 [main] INFO  testCases.TC_ATC_002_Remove_Product_from_Cart - Validating expected message the product is added to shopping cart
10:56:28.331 [main] INFO  testCases.TC_ATC_002_Remove_Product_from_Cart - Test Passed..
10:56:32.476 [main] INFO  testCases.TC_ATC_002_Remove_Product_from_Cart - Validating expected message after removing the  product from shopping cart
10:56:32.476 [main] INFO  testCases.TC_ATC_002_Remove_Product_from_Cart - Test Passed..
10:56:32.476 [main] INFO  testCases.TC_ATC_002_Remove_Product_from_Cart - ******Finished TC_ATC_002_Remove_Product_from_Cart******
]]></system-out>
  </testcase>
  <testcase name="verify_account_registration" classname="testCases.TC_RF_003_AccountRegistrationwithIncorrectSucessMsg" time="2.46">
    <failure message="null" type="java.lang.AssertionError"><![CDATA[java.lang.AssertionError: null
	at org.testng.Assert.fail(Assert.java:111)
	at org.testng.Assert.fail(Assert.java:116)
	at testCases.TC_RF_003_AccountRegistrationwithIncorrectSucessMsg.verify_account_registration(TC_RF_003_AccountRegistrationwithIncorrectSucessMsg.java:53)
	at java.base/jdk.internal.reflect.DirectMethodHandleAccessor.invoke(DirectMethodHandleAccessor.java:103)
	at java.base/java.lang.reflect.Method.invoke(Method.java:580)
	at org.testng.internal.invokers.MethodInvocationHelper.invokeMethod(MethodInvocationHelper.java:139)
	at org.testng.internal.invokers.TestInvoker.invokeMethod(TestInvoker.java:664)
	at org.testng.internal.invokers.TestInvoker.invokeTestMethod(TestInvoker.java:228)
	at org.testng.internal.invokers.MethodRunner.runInSequence(MethodRunner.java:63)
	at org.testng.internal.invokers.TestInvoker$MethodInvocationAgent.invoke(TestInvoker.java:961)
	at org.testng.internal.invokers.TestInvoker.invokeTestMethods(TestInvoker.java:201)
	at org.testng.internal.invokers.TestMethodWorker.invokeTestMethods(TestMethodWorker.java:148)
	at org.testng.internal.invokers.TestMethodWorker.run(TestMethodWorker.java:128)
	at java.base/java.util.ArrayList.forEach(ArrayList.java:1596)
	at org.testng.TestRunner.privateRun(TestRunner.java:819)
	at org.testng.TestRunner.run(TestRunner.java:619)
	at org.testng.SuiteRunner.runTest(SuiteRunner.java:443)
	at org.testng.SuiteRunner.runSequentially(SuiteRunner.java:437)
	at org.testng.SuiteRunner.privateRun(SuiteRunner.java:397)
	at org.testng.SuiteRunner.run(SuiteRunner.java:336)
	at org.testng.SuiteRunnerWorker.runSuite(SuiteRunnerWorker.java:52)
	at org.testng.SuiteRunnerWorker.run(SuiteRunnerWorker.java:95)
	at org.testng.TestNG.runSuitesSequentially(TestNG.java:1301)
	at org.testng.TestNG.runSuitesLocally(TestNG.java:1228)
	at org.testng.TestNG.runSuites(TestNG.java:1134)
	at org.testng.TestNG.run(TestNG.java:1101)
	at org.apache.maven.surefire.testng.TestNGExecutor.run(TestNGExecutor.java:308)
	at org.apache.maven.surefire.testng.TestNGXmlTestSuite.execute(TestNGXmlTestSuite.java:71)
	at org.apache.maven.surefire.testng.TestNGProvider.invoke(TestNGProvider.java:113)
	at org.apache.maven.surefire.booter.ForkedBooter.runSuitesInProcess(ForkedBooter.java:385)
	at org.apache.maven.surefire.booter.ForkedBooter.execute(ForkedBooter.java:162)
	at org.apache.maven.surefire.booter.ForkedBooter.run(ForkedBooter.java:507)
	at org.apache.maven.surefire.booter.ForkedBooter.main(ForkedBooter.java:495)
]]></failure>
    <system-out><![CDATA[Page Mazimized
10:56:35.630 [main] INFO  testCases.TC_RF_003_AccountRegistrationwithIncorrectSucessMsg - ******Starting TC_RF_003_AccountRegistrationwithIncorrectSucessMsg******
10:56:36.058 [main] INFO  testCases.TC_RF_003_AccountRegistrationwithIncorrectSucessMsg - Clicked on registration link
10:56:36.059 [main] INFO  testCases.TC_RF_003_AccountRegistrationwithIncorrectSucessMsg - Entering customer info
10:56:37.940 [main] INFO  testCases.TC_RF_003_AccountRegistrationwithIncorrectSucessMsg - clicked on Register button..
10:56:37.971 [main] INFO  testCases.TC_RF_003_AccountRegistrationwithIncorrectSucessMsg - Validating expected message..
10:56:37.972 [main] ERROR testCases.TC_RF_003_AccountRegistrationwithIncorrectSucessMsg - Test Failed..
]]></system-out>
  </testcase>
  <testcase name="verify_loginDDT[TESTBB@TEST.com, test1234!, Valid](1)" classname="testCases.TC_LF_002_003_004_LoginDDT" time="2.251">
    <system-out><![CDATA[Page Mazimized
10:56:42.130 [main] INFO  testCases.TC_LF_002_003_004_LoginDDT - ******Starting TC_LF_002_003_004_LoginDDT******
10:56:42.508 [main] INFO  testCases.TC_LF_002_003_004_LoginDDT - Clicked on Login link
10:56:42.509 [main] INFO  testCases.TC_LF_002_003_004_LoginDDT - Entering valid email id..
10:56:42.587 [main] INFO  testCases.TC_LF_002_003_004_LoginDDT - Entering valid password..
10:56:42.647 [main] INFO  testCases.TC_LF_002_003_004_LoginDDT - Clicked on Login button..
10:56:44.379 [main] INFO  testCases.TC_LF_002_003_004_LoginDDT - Test Passed..
10:56:44.379 [main] INFO  testCases.TC_LF_002_003_004_LoginDDT - ******Finished TC_LF_002_003_004_LoginDDT******
]]></system-out>
  </testcase>
  <testcase name="verify_loginDDT[Jack@yahoo.com, Jacky@, Invalid](2)" classname="testCases.TC_LF_002_003_004_LoginDDT" time="10.898">
    <system-out><![CDATA[10:56:44.380 [main] INFO  testCases.TC_LF_002_003_004_LoginDDT - ******Starting TC_LF_002_003_004_LoginDDT******
10:56:44.761 [main] INFO  testCases.TC_LF_002_003_004_LoginDDT - Clicked on Login link
10:56:44.761 [main] INFO  testCases.TC_LF_002_003_004_LoginDDT - Entering valid email id..
10:56:44.833 [main] INFO  testCases.TC_LF_002_003_004_LoginDDT - Entering valid password..
10:56:44.889 [main] INFO  testCases.TC_LF_002_003_004_LoginDDT - Clicked on Login button..
10:56:55.278 [main] INFO  testCases.TC_LF_002_003_004_LoginDDT - Test Passed..
10:56:55.278 [main] INFO  testCases.TC_LF_002_003_004_LoginDDT - ******Finished TC_LF_002_003_004_LoginDDT******
]]></system-out>
  </testcase>
  <testcase name="verify_loginDDT[Jacki@yahoo.com, Jacki, Invalid](3)" classname="testCases.TC_LF_002_003_004_LoginDDT" time="10.899">
    <system-out><![CDATA[10:56:55.278 [main] INFO  testCases.TC_LF_002_003_004_LoginDDT - ******Starting TC_LF_002_003_004_LoginDDT******
10:56:55.670 [main] INFO  testCases.TC_LF_002_003_004_LoginDDT - Clicked on Login link
10:56:55.670 [main] INFO  testCases.TC_LF_002_003_004_LoginDDT - Entering valid email id..
10:56:55.734 [main] INFO  testCases.TC_LF_002_003_004_LoginDDT - Entering valid password..
10:56:55.791 [main] INFO  testCases.TC_LF_002_003_004_LoginDDT - Clicked on Login button..
10:57:06.177 [main] INFO  testCases.TC_LF_002_003_004_LoginDDT - Test Passed..
10:57:06.177 [main] INFO  testCases.TC_LF_002_003_004_LoginDDT - ******Finished TC_LF_002_003_004_LoginDDT******
]]></system-out>
  </testcase>
  <testcase name="verify_loginDDT[laks@yahoo.com, xyz, Invalid](4)" classname="testCases.TC_LF_002_003_004_LoginDDT" time="10.969">
    <system-out><![CDATA[10:57:06.177 [main] INFO  testCases.TC_LF_002_003_004_LoginDDT - ******Starting TC_LF_002_003_004_LoginDDT******
10:57:06.574 [main] INFO  testCases.TC_LF_002_003_004_LoginDDT - Clicked on Login link
10:57:06.574 [main] INFO  testCases.TC_LF_002_003_004_LoginDDT - Entering valid email id..
10:57:06.642 [main] INFO  testCases.TC_LF_002_003_004_LoginDDT - Entering valid password..
10:57:06.701 [main] INFO  testCases.TC_LF_002_003_004_LoginDDT - Clicked on Login button..
10:57:17.146 [main] INFO  testCases.TC_LF_002_003_004_LoginDDT - Test Passed..
10:57:17.146 [main] INFO  testCases.TC_LF_002_003_004_LoginDDT - ******Finished TC_LF_002_003_004_LoginDDT******
]]></system-out>
  </testcase>
  <testcase name="verify_loginDDT[TESTCC@TEST.com, test1234!, Valid](5)" classname="testCases.TC_LF_002_003_004_LoginDDT" time="1.8">
    <system-out><![CDATA[10:57:17.146 [main] INFO  testCases.TC_LF_002_003_004_LoginDDT - ******Starting TC_LF_002_003_004_LoginDDT******
10:57:17.532 [main] INFO  testCases.TC_LF_002_003_004_LoginDDT - Clicked on Login link
10:57:17.534 [main] INFO  testCases.TC_LF_002_003_004_LoginDDT - Entering valid email id..
10:57:17.604 [main] INFO  testCases.TC_LF_002_003_004_LoginDDT - Entering valid password..
10:57:17.673 [main] INFO  testCases.TC_LF_002_003_004_LoginDDT - Clicked on Login button..
10:57:18.945 [main] INFO  testCases.TC_LF_002_003_004_LoginDDT - Test Passed..
10:57:18.946 [main] INFO  testCases.TC_LF_002_003_004_LoginDDT - ******Finished TC_LF_002_003_004_LoginDDT******
]]></system-out>
  </testcase>
  <testcase name="verify_login" classname="testCases.TC_CO_001_Checkout_as_SignedIn_User" time="12.195">
    <system-out><![CDATA[Page Mazimized
10:57:22.045 [main] INFO  testCases.TC_CO_001_Checkout_as_SignedIn_User - ******Starting TC_CO_001_Checkout_as_SignedIn_User******
10:57:22.456 [main] INFO  testCases.TC_CO_001_Checkout_as_SignedIn_User - Clicked on Login link
10:57:22.457 [main] INFO  testCases.TC_CO_001_Checkout_as_SignedIn_User - Entering valid email and password
10:57:23.232 [main] INFO  testCases.TC_CO_001_Checkout_as_SignedIn_User - Clicked on Login button
10:57:23.257 [main] INFO  testCases.TC_CO_001_Checkout_as_SignedIn_User - Click on Computer Menu
10:57:24.778 [main] INFO  testCases.TC_CO_001_Checkout_as_SignedIn_User - Click on Notebooks link
10:57:27.836 [main] INFO  testCases.TC_CO_001_Checkout_as_SignedIn_User - NoteBook added to the cart
The product has been added to your shopping cart
10:57:27.856 [main] INFO  testCases.TC_CO_001_Checkout_as_SignedIn_User - Validating expected message the product is added to shopping cart
10:57:27.857 [main] INFO  testCases.TC_CO_001_Checkout_as_SignedIn_User - Test Passed..
Your order has been successfully processed!
10:57:34.241 [main] INFO  testCases.TC_CO_001_Checkout_as_SignedIn_User - Validating expected message after purchasing the product
10:57:34.241 [main] INFO  testCases.TC_CO_001_Checkout_as_SignedIn_User - Test Passed..
10:57:34.241 [main] INFO  testCases.TC_CO_001_Checkout_as_SignedIn_User - ******Finished TC_CO_001_Checkout_as_SignedIn_User******
]]></system-out>
  </testcase>
</testsuite>