<?xml version="1.0" encoding="UTF-8"?>
<testng-results ignored="0" total="12" passed="11" failed="1" skipped="0">
  <reporter-output>
  </reporter-output>
  <suite started-at="2024-05-03T10:55:56 EDT" name="Suite" finished-at="2024-05-03T10:57:34 EDT" duration-ms="97724">
    <groups>
      <group name="regression">
        <method signature="TC_ATC_001_Adding_product_to_Cart.verify_login()[pri:0, instance:testCases.TC_ATC_001_Adding_product_to_Cart@4fb0f2b9]" name="verify_login" class="testCases.TC_ATC_001_Adding_product_to_Cart"/>
        <method signature="TC_ATC_002_Remove_Product_from_Cart.verify_login()[pri:0, instance:testCases.TC_ATC_002_Remove_Product_from_Cart@79924b]" name="verify_login" class="testCases.TC_ATC_002_Remove_Product_from_Cart"/>
        <method signature="TC_CO_001_Checkout_as_SignedIn_User.verify_login()[pri:0, instance:testCases.TC_CO_001_Checkout_as_SignedIn_User@4cc451f2]" name="verify_login" class="testCases.TC_CO_001_Checkout_as_SignedIn_User"/>
        <method signature="TC_LF_002_003_004_LoginDDT.verify_loginDDT(java.lang.String,java.lang.String,java.lang.String)[pri:0, instance:testCases.TC_LF_002_003_004_LoginDDT@4a94ee4]" name="verify_loginDDT" class="testCases.TC_LF_002_003_004_LoginDDT"/>
        <method signature="TC_RF_001_AccountRegistration.verify_account_registration()[pri:0, instance:testCases.TC_RF_001_AccountRegistration@5ffead27]" name="verify_account_registration" class="testCases.TC_RF_001_AccountRegistration"/>
        <method signature="TC_RF_003_AccountRegistrationwithIncorrectSucessMsg.verify_account_registration()[pri:0, instance:testCases.TC_RF_003_AccountRegistrationwithIncorrectSucessMsg@7b9a4292]" name="verify_account_registration" class="testCases.TC_RF_003_AccountRegistrationwithIncorrectSucessMsg"/>
      </group> <!-- regression -->
      <group name="sanity">
        <method signature="TC_LF_001_LoginUsingValidCredentials.verify_login()[pri:0, instance:testCases.TC_LF_001_LoginUsingValidCredentials@3e58a80e]" name="verify_login" class="testCases.TC_LF_001_LoginUsingValidCredentials"/>
        <method signature="TC_LG_001_Logout_Functionality.verify_login()[pri:0, instance:testCases.TC_LG_001_Logout_Functionality@4fb61f4a]" name="verify_login" class="testCases.TC_LG_001_Logout_Functionality"/>
      </group> <!-- sanity -->
      <group name="master">
        <method signature="TC_ATC_001_Adding_product_to_Cart.verify_login()[pri:0, instance:testCases.TC_ATC_001_Adding_product_to_Cart@4fb0f2b9]" name="verify_login" class="testCases.TC_ATC_001_Adding_product_to_Cart"/>
        <method signature="TC_ATC_002_Remove_Product_from_Cart.verify_login()[pri:0, instance:testCases.TC_ATC_002_Remove_Product_from_Cart@79924b]" name="verify_login" class="testCases.TC_ATC_002_Remove_Product_from_Cart"/>
        <method signature="TC_CO_001_Checkout_as_SignedIn_User.verify_login()[pri:0, instance:testCases.TC_CO_001_Checkout_as_SignedIn_User@4cc451f2]" name="verify_login" class="testCases.TC_CO_001_Checkout_as_SignedIn_User"/>
        <method signature="TC_LF_001_LoginUsingValidCredentials.verify_login()[pri:0, instance:testCases.TC_LF_001_LoginUsingValidCredentials@3e58a80e]" name="verify_login" class="testCases.TC_LF_001_LoginUsingValidCredentials"/>
        <method signature="TC_LF_002_003_004_LoginDDT.verify_loginDDT(java.lang.String,java.lang.String,java.lang.String)[pri:0, instance:testCases.TC_LF_002_003_004_LoginDDT@4a94ee4]" name="verify_loginDDT" class="testCases.TC_LF_002_003_004_LoginDDT"/>
        <method signature="TC_LG_001_Logout_Functionality.verify_login()[pri:0, instance:testCases.TC_LG_001_Logout_Functionality@4fb61f4a]" name="verify_login" class="testCases.TC_LG_001_Logout_Functionality"/>
        <method signature="TC_RF_001_AccountRegistration.verify_account_registration()[pri:0, instance:testCases.TC_RF_001_AccountRegistration@5ffead27]" name="verify_account_registration" class="testCases.TC_RF_001_AccountRegistration"/>
        <method signature="TC_RF_003_AccountRegistrationwithIncorrectSucessMsg.verify_account_registration()[pri:0, instance:testCases.TC_RF_003_AccountRegistrationwithIncorrectSucessMsg@7b9a4292]" name="verify_account_registration" class="testCases.TC_RF_003_AccountRegistrationwithIncorrectSucessMsg"/>
      </group> <!-- master -->
    </groups>
    <test started-at="2024-05-03T10:55:56 EDT" name="Test" finished-at="2024-05-03T10:57:34 EDT" duration-ms="97724">
      <class name="testCases.TC_LF_002_003_004_LoginDDT">
        <test-method is-config="true" signature="setup(java.lang.String,java.lang.String)[pri:0, instance:testCases.TC_LF_002_003_004_LoginDDT@4a94ee4]" started-at="2024-05-03T10:56:38 EDT" name="setup" finished-at="2024-05-03T10:56:41 EDT" duration-ms="3141" status="PASS">
          <params>
            <param index="0">
              <value>
                <![CDATA[Windows]]>
              </value>
            </param>
            <param index="1">
              <value>
                <![CDATA[Chrome]]>
              </value>
            </param>
          </params>
          <reporter-output>
          </reporter-output>
        </test-method> <!-- setup -->
        <test-method signature="verify_loginDDT(java.lang.String,java.lang.String,java.lang.String)[pri:0, instance:testCases.TC_LF_002_003_004_LoginDDT@4a94ee4]" started-at="2024-05-03T10:56:42 EDT" name="verify_loginDDT" data-provider="LoginData" finished-at="2024-05-03T10:56:44 EDT" duration-ms="2250" status="PASS">
          <params>
            <param index="0">
              <value>
                <![CDATA[TESTBB@TEST.com]]>
              </value>
            </param>
            <param index="1">
              <value>
                <![CDATA[test1234!]]>
              </value>
            </param>
            <param index="2">
              <value>
                <![CDATA[Valid]]>
              </value>
            </param>
          </params>
          <reporter-output>
          </reporter-output>
        </test-method> <!-- verify_loginDDT -->
        <test-method signature="verify_loginDDT(java.lang.String,java.lang.String,java.lang.String)[pri:0, instance:testCases.TC_LF_002_003_004_LoginDDT@4a94ee4]" started-at="2024-05-03T10:56:44 EDT" name="verify_loginDDT" data-provider="LoginData" finished-at="2024-05-03T10:56:55 EDT" duration-ms="10898" status="PASS">
          <params>
            <param index="0">
              <value>
                <![CDATA[Jack@yahoo.com]]>
              </value>
            </param>
            <param index="1">
              <value>
                <![CDATA[Jacky@]]>
              </value>
            </param>
            <param index="2">
              <value>
                <![CDATA[Invalid]]>
              </value>
            </param>
          </params>
          <reporter-output>
          </reporter-output>
        </test-method> <!-- verify_loginDDT -->
        <test-method signature="verify_loginDDT(java.lang.String,java.lang.String,java.lang.String)[pri:0, instance:testCases.TC_LF_002_003_004_LoginDDT@4a94ee4]" started-at="2024-05-03T10:56:55 EDT" name="verify_loginDDT" data-provider="LoginData" finished-at="2024-05-03T10:57:06 EDT" duration-ms="10899" status="PASS">
          <params>
            <param index="0">
              <value>
                <![CDATA[Jacki@yahoo.com]]>
              </value>
            </param>
            <param index="1">
              <value>
                <![CDATA[Jacki]]>
              </value>
            </param>
            <param index="2">
              <value>
                <![CDATA[Invalid]]>
              </value>
            </param>
          </params>
          <reporter-output>
          </reporter-output>
        </test-method> <!-- verify_loginDDT -->
        <test-method signature="verify_loginDDT(java.lang.String,java.lang.String,java.lang.String)[pri:0, instance:testCases.TC_LF_002_003_004_LoginDDT@4a94ee4]" started-at="2024-05-03T10:57:06 EDT" name="verify_loginDDT" data-provider="LoginData" finished-at="2024-05-03T10:57:17 EDT" duration-ms="10969" status="PASS">
          <params>
            <param index="0">
              <value>
                <![CDATA[laks@yahoo.com]]>
              </value>
            </param>
            <param index="1">
              <value>
                <![CDATA[xyz]]>
              </value>
            </param>
            <param index="2">
              <value>
                <![CDATA[Invalid]]>
              </value>
            </param>
          </params>
          <reporter-output>
          </reporter-output>
        </test-method> <!-- verify_loginDDT -->
        <test-method signature="verify_loginDDT(java.lang.String,java.lang.String,java.lang.String)[pri:0, instance:testCases.TC_LF_002_003_004_LoginDDT@4a94ee4]" started-at="2024-05-03T10:57:17 EDT" name="verify_loginDDT" data-provider="LoginData" finished-at="2024-05-03T10:57:18 EDT" duration-ms="1800" status="PASS">
          <params>
            <param index="0">
              <value>
                <![CDATA[TESTCC@TEST.com]]>
              </value>
            </param>
            <param index="1">
              <value>
                <![CDATA[test1234!]]>
              </value>
            </param>
            <param index="2">
              <value>
                <![CDATA[Valid]]>
              </value>
            </param>
          </params>
          <reporter-output>
          </reporter-output>
        </test-method> <!-- verify_loginDDT -->
        <test-method is-config="true" signature="tearDown()[pri:0, instance:testCases.TC_LF_002_003_004_LoginDDT@4a94ee4]" started-at="2024-05-03T10:57:18 EDT" name="tearDown" finished-at="2024-05-03T10:57:19 EDT" duration-ms="150" status="PASS">
          <reporter-output>
          </reporter-output>
        </test-method> <!-- tearDown -->
      </class> <!-- testCases.TC_LF_002_003_004_LoginDDT -->
      <class name="testCases.TC_CO_001_Checkout_as_SignedIn_User">
        <test-method is-config="true" signature="setup(java.lang.String,java.lang.String)[pri:0, instance:testCases.TC_CO_001_Checkout_as_SignedIn_User@4cc451f2]" started-at="2024-05-03T10:57:19 EDT" name="setup" finished-at="2024-05-03T10:57:22 EDT" duration-ms="2946" status="PASS">
          <params>
            <param index="0">
              <value>
                <![CDATA[Windows]]>
              </value>
            </param>
            <param index="1">
              <value>
                <![CDATA[Chrome]]>
              </value>
            </param>
          </params>
          <reporter-output>
          </reporter-output>
        </test-method> <!-- setup -->
        <test-method signature="verify_login()[pri:0, instance:testCases.TC_CO_001_Checkout_as_SignedIn_User@4cc451f2]" started-at="2024-05-03T10:57:22 EDT" name="verify_login" finished-at="2024-05-03T10:57:34 EDT" duration-ms="12196" status="PASS">
          <reporter-output>
          </reporter-output>
        </test-method> <!-- verify_login -->
        <test-method is-config="true" signature="tearDown()[pri:0, instance:testCases.TC_CO_001_Checkout_as_SignedIn_User@4cc451f2]" started-at="2024-05-03T10:57:34 EDT" name="tearDown" finished-at="2024-05-03T10:57:34 EDT" duration-ms="143" status="PASS">
          <reporter-output>
          </reporter-output>
        </test-method> <!-- tearDown -->
      </class> <!-- testCases.TC_CO_001_Checkout_as_SignedIn_User -->
      <class name="testCases.TC_ATC_002_Remove_Product_from_Cart">
        <test-method is-config="true" signature="setup(java.lang.String,java.lang.String)[pri:0, instance:testCases.TC_ATC_002_Remove_Product_from_Cart@79924b]" started-at="2024-05-03T10:56:20 EDT" name="setup" finished-at="2024-05-03T10:56:22 EDT" duration-ms="2791" status="PASS">
          <params>
            <param index="0">
              <value>
                <![CDATA[Windows]]>
              </value>
            </param>
            <param index="1">
              <value>
                <![CDATA[Chrome]]>
              </value>
            </param>
          </params>
          <reporter-output>
          </reporter-output>
        </test-method> <!-- setup -->
        <test-method signature="verify_login()[pri:0, instance:testCases.TC_ATC_002_Remove_Product_from_Cart@79924b]" started-at="2024-05-03T10:56:22 EDT" name="verify_login" finished-at="2024-05-03T10:56:32 EDT" duration-ms="9545" status="PASS">
          <reporter-output>
          </reporter-output>
        </test-method> <!-- verify_login -->
        <test-method is-config="true" signature="tearDown()[pri:0, instance:testCases.TC_ATC_002_Remove_Product_from_Cart@79924b]" started-at="2024-05-03T10:56:32 EDT" name="tearDown" finished-at="2024-05-03T10:56:32 EDT" duration-ms="157" status="PASS">
          <reporter-output>
          </reporter-output>
        </test-method> <!-- tearDown -->
      </class> <!-- testCases.TC_ATC_002_Remove_Product_from_Cart -->
      <class name="testCases.TC_RF_003_AccountRegistrationwithIncorrectSucessMsg">
        <test-method is-config="true" signature="setup(java.lang.String,java.lang.String)[pri:0, instance:testCases.TC_RF_003_AccountRegistrationwithIncorrectSucessMsg@7b9a4292]" started-at="2024-05-03T10:56:32 EDT" name="setup" finished-at="2024-05-03T10:56:35 EDT" duration-ms="2996" status="PASS">
          <params>
            <param index="0">
              <value>
                <![CDATA[Windows]]>
              </value>
            </param>
            <param index="1">
              <value>
                <![CDATA[Chrome]]>
              </value>
            </param>
          </params>
          <reporter-output>
          </reporter-output>
        </test-method> <!-- setup -->
        <test-method signature="verify_account_registration()[pri:0, instance:testCases.TC_RF_003_AccountRegistrationwithIncorrectSucessMsg@7b9a4292]" started-at="2024-05-03T10:56:35 EDT" name="verify_account_registration" finished-at="2024-05-03T10:56:37 EDT" duration-ms="2343" status="FAIL">
          <exception class="java.lang.AssertionError">
            <message>
              <![CDATA[null]]>
            </message>
            <full-stacktrace>
              <![CDATA[java.lang.AssertionError: null
at org.testng.Assert.fail(Assert.java:111)
at org.testng.Assert.fail(Assert.java:116)
at testCases.TC_RF_003_AccountRegistrationwithIncorrectSucessMsg.verify_account_registration(TC_RF_003_AccountRegistrationwithIncorrectSucessMsg.java:53)
at java.base/jdk.internal.reflect.DirectMethodHandleAccessor.invoke(DirectMethodHandleAccessor.java:103)
at java.base/java.lang.reflect.Method.invoke(Method.java:580)
at org.testng.internal.invokers.MethodInvocationHelper.invokeMethod(MethodInvocationHelper.java:139)
at org.testng.internal.invokers.TestInvoker.invokeMethod(TestInvoker.java:664)
at org.testng.internal.invokers.TestInvoker.invokeTestMethod(TestInvoker.java:228)
at org.testng.internal.invokers.MethodRunner.runInSequence(MethodRunner.java:63)
at org.testng.internal.invokers.TestInvoker$MethodInvocationAgent.invoke(TestInvoker.java:961)
at org.testng.internal.invokers.TestInvoker.invokeTestMethods(TestInvoker.java:201)
at org.testng.internal.invokers.TestMethodWorker.invokeTestMethods(TestMethodWorker.java:148)
at org.testng.internal.invokers.TestMethodWorker.run(TestMethodWorker.java:128)
at java.base/java.util.ArrayList.forEach(ArrayList.java:1596)
at org.testng.TestRunner.privateRun(TestRunner.java:819)
at org.testng.TestRunner.run(TestRunner.java:619)
at org.testng.SuiteRunner.runTest(SuiteRunner.java:443)
at org.testng.SuiteRunner.runSequentially(SuiteRunner.java:437)
at org.testng.SuiteRunner.privateRun(SuiteRunner.java:397)
at org.testng.SuiteRunner.run(SuiteRunner.java:336)
at org.testng.SuiteRunnerWorker.runSuite(SuiteRunnerWorker.java:52)
at org.testng.SuiteRunnerWorker.run(SuiteRunnerWorker.java:95)
at org.testng.TestNG.runSuitesSequentially(TestNG.java:1301)
at org.testng.TestNG.runSuitesLocally(TestNG.java:1228)
at org.testng.TestNG.runSuites(TestNG.java:1134)
at org.testng.TestNG.run(TestNG.java:1101)
at org.apache.maven.surefire.testng.TestNGExecutor.run(TestNGExecutor.java:308)
at org.apache.maven.surefire.testng.TestNGXmlTestSuite.execute(TestNGXmlTestSuite.java:71)
at org.apache.maven.surefire.testng.TestNGProvider.invoke(TestNGProvider.java:113)
at org.apache.maven.surefire.booter.ForkedBooter.runSuitesInProcess(ForkedBooter.java:385)
at org.apache.maven.surefire.booter.ForkedBooter.execute(ForkedBooter.java:162)
at org.apache.maven.surefire.booter.ForkedBooter.run(ForkedBooter.java:507)
at org.apache.maven.surefire.booter.ForkedBooter.main(ForkedBooter.java:495)
]]>
            </full-stacktrace>
          </exception> <!-- java.lang.AssertionError -->
          <reporter-output>
          </reporter-output>
        </test-method> <!-- verify_account_registration -->
        <test-method is-config="true" signature="tearDown()[pri:0, instance:testCases.TC_RF_003_AccountRegistrationwithIncorrectSucessMsg@7b9a4292]" started-at="2024-05-03T10:56:38 EDT" name="tearDown" finished-at="2024-05-03T10:56:38 EDT" duration-ms="128" status="PASS">
          <reporter-output>
          </reporter-output>
        </test-method> <!-- tearDown -->
      </class> <!-- testCases.TC_RF_003_AccountRegistrationwithIncorrectSucessMsg -->
      <class name="testCases.TC_LG_001_Logout_Functionality">
        <test-method is-config="true" signature="setup(java.lang.String,java.lang.String)[pri:0, instance:testCases.TC_LG_001_Logout_Functionality@4fb61f4a]" started-at="2024-05-03T10:56:06 EDT" name="setup" finished-at="2024-05-03T10:56:09 EDT" duration-ms="3007" status="PASS">
          <params>
            <param index="0">
              <value>
                <![CDATA[Windows]]>
              </value>
            </param>
            <param index="1">
              <value>
                <![CDATA[Chrome]]>
              </value>
            </param>
          </params>
          <reporter-output>
          </reporter-output>
        </test-method> <!-- setup -->
        <test-method signature="verify_login()[pri:0, instance:testCases.TC_LG_001_Logout_Functionality@4fb61f4a]" started-at="2024-05-03T10:56:09 EDT" name="verify_login" finished-at="2024-05-03T10:56:11 EDT" duration-ms="1861" status="PASS">
          <reporter-output>
          </reporter-output>
        </test-method> <!-- verify_login -->
        <test-method is-config="true" signature="tearDown()[pri:0, instance:testCases.TC_LG_001_Logout_Functionality@4fb61f4a]" started-at="2024-05-03T10:56:11 EDT" name="tearDown" finished-at="2024-05-03T10:56:11 EDT" duration-ms="113" status="PASS">
          <reporter-output>
          </reporter-output>
        </test-method> <!-- tearDown -->
      </class> <!-- testCases.TC_LG_001_Logout_Functionality -->
      <class name="testCases.TC_LF_001_LoginUsingValidCredentials">
        <test-method is-config="true" signature="setup(java.lang.String,java.lang.String)[pri:0, instance:testCases.TC_LF_001_LoginUsingValidCredentials@3e58a80e]" started-at="2024-05-03T10:56:02 EDT" name="setup" finished-at="2024-05-03T10:56:05 EDT" duration-ms="2967" status="PASS">
          <params>
            <param index="0">
              <value>
                <![CDATA[Windows]]>
              </value>
            </param>
            <param index="1">
              <value>
                <![CDATA[Chrome]]>
              </value>
            </param>
          </params>
          <reporter-output>
          </reporter-output>
        </test-method> <!-- setup -->
        <test-method signature="verify_login()[pri:0, instance:testCases.TC_LF_001_LoginUsingValidCredentials@3e58a80e]" started-at="2024-05-03T10:56:05 EDT" name="verify_login" finished-at="2024-05-03T10:56:06 EDT" duration-ms="1205" status="PASS">
          <reporter-output>
          </reporter-output>
        </test-method> <!-- verify_login -->
        <test-method is-config="true" signature="tearDown()[pri:0, instance:testCases.TC_LF_001_LoginUsingValidCredentials@3e58a80e]" started-at="2024-05-03T10:56:06 EDT" name="tearDown" finished-at="2024-05-03T10:56:06 EDT" duration-ms="94" status="PASS">
          <reporter-output>
          </reporter-output>
        </test-method> <!-- tearDown -->
      </class> <!-- testCases.TC_LF_001_LoginUsingValidCredentials -->
      <class name="testCases.TC_ATC_001_Adding_product_to_Cart">
        <test-method is-config="true" signature="setup(java.lang.String,java.lang.String)[pri:0, instance:testCases.TC_ATC_001_Adding_product_to_Cart@4fb0f2b9]" started-at="2024-05-03T10:56:11 EDT" name="setup" finished-at="2024-05-03T10:56:14 EDT" duration-ms="2977" status="PASS">
          <params>
            <param index="0">
              <value>
                <![CDATA[Windows]]>
              </value>
            </param>
            <param index="1">
              <value>
                <![CDATA[Chrome]]>
              </value>
            </param>
          </params>
          <reporter-output>
          </reporter-output>
        </test-method> <!-- setup -->
        <test-method signature="verify_login()[pri:0, instance:testCases.TC_ATC_001_Adding_product_to_Cart@4fb0f2b9]" started-at="2024-05-03T10:56:14 EDT" name="verify_login" finished-at="2024-05-03T10:56:20 EDT" duration-ms="5374" status="PASS">
          <reporter-output>
          </reporter-output>
        </test-method> <!-- verify_login -->
        <test-method is-config="true" signature="tearDown()[pri:0, instance:testCases.TC_ATC_001_Adding_product_to_Cart@4fb0f2b9]" started-at="2024-05-03T10:56:20 EDT" name="tearDown" finished-at="2024-05-03T10:56:20 EDT" duration-ms="115" status="PASS">
          <reporter-output>
          </reporter-output>
        </test-method> <!-- tearDown -->
      </class> <!-- testCases.TC_ATC_001_Adding_product_to_Cart -->
      <class name="testCases.TC_RF_001_AccountRegistration">
        <test-method is-config="true" signature="setup(java.lang.String,java.lang.String)[pri:0, instance:testCases.TC_RF_001_AccountRegistration@5ffead27]" started-at="2024-05-03T10:55:56 EDT" name="setup" finished-at="2024-05-03T10:56:00 EDT" duration-ms="3715" status="PASS">
          <params>
            <param index="0">
              <value>
                <![CDATA[Windows]]>
              </value>
            </param>
            <param index="1">
              <value>
                <![CDATA[Chrome]]>
              </value>
            </param>
          </params>
          <reporter-output>
          </reporter-output>
        </test-method> <!-- setup -->
        <test-method signature="verify_account_registration()[pri:0, instance:testCases.TC_RF_001_AccountRegistration@5ffead27]" started-at="2024-05-03T10:56:00 EDT" name="verify_account_registration" finished-at="2024-05-03T10:56:02 EDT" duration-ms="1771" status="PASS">
          <reporter-output>
          </reporter-output>
        </test-method> <!-- verify_account_registration -->
        <test-method is-config="true" signature="tearDown()[pri:0, instance:testCases.TC_RF_001_AccountRegistration@5ffead27]" started-at="2024-05-03T10:56:02 EDT" name="tearDown" finished-at="2024-05-03T10:56:02 EDT" duration-ms="101" status="PASS">
          <reporter-output>
          </reporter-output>
        </test-method> <!-- tearDown -->
      </class> <!-- testCases.TC_RF_001_AccountRegistration -->
    </test> <!-- Test -->
  </suite> <!-- Suite -->
</testng-results>
