<?xml version="1.0" encoding="UTF-8"?>
<testsuite xmlns:xsi="http://www.w3.org/2001/XMLSchema-instance" xsi:noNamespaceSchemaLocation="https://maven.apache.org/surefire/maven-surefire-plugin/xsd/surefire-test-report-3.0.xsd" version="3.0" name="TestSuite" time="83.431" tests="12" errors="0" skipped="0" failures="3">
  <properties>
[...]
</properties>
  <testcase name="verify_account_registration" classname="testCases.TC_RF_001_AccountRegistration" time="2.334">
    <system-out><![CDATA[Page Mazimized
00:11:23.375 [main] INFO  testCases.TC_RF_001_AccountRegistration - ******Starting TC_RF_001_AccountRegistrationTest******
00:11:23.821 [main] INFO  testCases.TC_RF_001_AccountRegistration - Clicked on registration link
00:11:23.821 [main] INFO  testCases.TC_RF_001_AccountRegistration - Entering customer info
00:11:25.662 [main] INFO  testCases.TC_RF_001_AccountRegistration - clicked on Register button..
00:11:25.695 [main] INFO  testCases.TC_RF_001_AccountRegistration - Validating expected message..
00:11:25.695 [main] INFO  testCases.TC_RF_001_AccountRegistration - Test Passed..
00:11:25.697 [main] INFO  testCases.TC_RF_001_AccountRegistration - ******Finished TC_RF_001_AccountRegistrationTest******
]]></system-out>
    <system-err><![CDATA[SLF4J: Failed to load class "org.slf4j.impl.StaticLoggerBinder".
SLF4J: Defaulting to no-operation (NOP) logger implementation
SLF4J: See http://www.slf4j.org/codes.html#StaticLoggerBinder for further details.
]]></system-err>
  </testcase>
  <testcase name="verify_account_registration" classname="testCases.TC_RF_001_AccountRegistration" time="10.027">
    <system-out><![CDATA[Page Mazimized
00:12:27.898 [TestNG-tests-2] INFO  testCases.TC_RF_001_AccountRegistration - ******Starting TC_RF_001_AccountRegistrationTest******
00:12:28.453 [TestNG-tests-2] INFO  testCases.TC_RF_001_AccountRegistration - Clicked on registration link
00:12:28.453 [TestNG-tests-2] INFO  testCases.TC_RF_001_AccountRegistration - Entering customer info
00:12:29.781 [TestNG-tests-2] INFO  testCases.TC_RF_001_AccountRegistration - clicked on Register button..
Page Mazimized
00:12:29.788 [TestNG-tests-1] INFO  testCases.TC_RF_001_AccountRegistration - ******Starting TC_RF_001_AccountRegistrationTest******
00:12:39.802 [TestNG-tests-1] ERROR testCases.TC_RF_001_AccountRegistration - Test Failed....
00:12:39.814 [TestNG-tests-2] INFO  testCases.TC_RF_001_AccountRegistration - Validating expected message..
00:12:39.814 [TestNG-tests-2] INFO  testCases.TC_RF_001_AccountRegistration - Test Passed..
00:12:39.815 [TestNG-tests-2] INFO  testCases.TC_RF_001_AccountRegistration - ******Finished TC_RF_001_AccountRegistrationTest******
]]></system-out>
  </testcase>
  <testcase name="verify_account_registration" classname="testCases.TC_RF_001_AccountRegistration" time="10.158">
    <failure message="null" type="java.lang.AssertionError"><![CDATA[java.lang.AssertionError: null
	at org.testng.Assert.fail(Assert.java:111)
	at org.testng.Assert.fail(Assert.java:116)
	at testCases.TC_RF_001_AccountRegistration.verify_account_registration(TC_RF_001_AccountRegistration.java:59)
	at java.base/jdk.internal.reflect.DirectMethodHandleAccessor.invoke(DirectMethodHandleAccessor.java:103)
	at java.base/java.lang.reflect.Method.invoke(Method.java:580)
	at org.testng.internal.invokers.MethodInvocationHelper.invokeMethod(MethodInvocationHelper.java:139)
	at org.testng.internal.invokers.TestInvoker.invokeMethod(TestInvoker.java:664)
	at org.testng.internal.invokers.TestInvoker.invokeTestMethod(TestInvoker.java:228)
	at org.testng.internal.invokers.MethodRunner.runInSequence(MethodRunner.java:63)
	at org.testng.internal.invokers.TestInvoker$MethodInvocationAgent.invoke(TestInvoker.java:961)
	at org.testng.internal.invokers.TestInvoker.invokeTestMethods(TestInvoker.java:201)
	at org.testng.internal.invokers.TestMethodWorker.invokeTestMethods(TestMethodWorker.java:148)
	at org.testng.internal.invokers.TestMethodWorker.run(TestMethodWorker.java:128)
	at java.base/java.util.ArrayList.forEach(ArrayList.java:1596)
	at org.testng.TestRunner.privateRun(TestRunner.java:819)
	at org.testng.TestRunner.run(TestRunner.java:619)
	at org.testng.SuiteRunner.runTest(SuiteRunner.java:443)
	at org.testng.SuiteRunner$SuiteWorker.run(SuiteRunner.java:481)
	at org.testng.internal.thread.ThreadUtil.lambda$execute$0(ThreadUtil.java:58)
	at java.base/java.util.concurrent.FutureTask.run(FutureTask.java:317)
	at java.base/java.util.concurrent.ThreadPoolExecutor.runWorker(ThreadPoolExecutor.java:1144)
	at java.base/java.util.concurrent.ThreadPoolExecutor$Worker.run(ThreadPoolExecutor.java:642)
	at java.base/java.lang.Thread.run(Thread.java:1583)
]]></failure>
  </testcase>
  <testcase name="tearDown" classname="testCases.TC_RF_001_AccountRegistration" time="11.44">
    <failure message="Timed out waiting for driver server to stop.&#10;Build info: version: &apos;4.20.0&apos;, revision: &apos;866c76ca80&apos;&#10;System info: os.name: &apos;Windows 11&apos;, os.arch: &apos;amd64&apos;, os.version: &apos;10.0&apos;, java.version: &apos;21.0.2&apos;&#10;Driver info: org.openqa.selenium.edge.EdgeDriver&#10;Command: [21509403680255a3d4dba9c26961a71a, quit {}]&#10;Capabilities {acceptInsecureCerts: false, browserName: MicrosoftEdge, browserVersion: 124.0.2478.51, fedcm:accounts: true, ms:edgeOptions: {debuggerAddress: localhost:57894}, msedge: {msedgedriverVersion: 124.0.2478.67 (d385ef2844e0..., userDataDir: C:\Users\sobin\AppData\Loca...}, networkConnectionEnabled: false, pageLoadStrategy: normal, platformName: windows, proxy: Proxy(), se:cdp: ws://localhost:57894/devtoo..., se:cdpVersion: 124.0.2478.51, setWindowRect: true, strictFileInteractability: false, timeouts: {implicit: 0, pageLoad: 300000, script: 30000}, unhandledPromptBehavior: dismiss and notify, webauthn:extension:credBlob: true, webauthn:extension:largeBlob: true, webauthn:extension:minPinLength: true, webauthn:extension:prf: true, webauthn:virtualAuthenticators: true}" type="org.openqa.selenium.WebDriverException"><![CDATA[org.openqa.selenium.WebDriverException: 
Timed out waiting for driver server to stop.
Build info: version: '4.20.0', revision: '866c76ca80'
System info: os.name: 'Windows 11', os.arch: 'amd64', os.version: '10.0', java.version: '21.0.2'
Driver info: org.openqa.selenium.edge.EdgeDriver
Command: [21509403680255a3d4dba9c26961a71a, quit {}]
Capabilities {acceptInsecureCerts: false, browserName: MicrosoftEdge, browserVersion: 124.0.2478.51, fedcm:accounts: true, ms:edgeOptions: {debuggerAddress: localhost:57894}, msedge: {msedgedriverVersion: 124.0.2478.67 (d385ef2844e0..., userDataDir: C:\Users\sobin\AppData\Loca...}, networkConnectionEnabled: false, pageLoadStrategy: normal, platformName: windows, proxy: Proxy(), se:cdp: ws://localhost:57894/devtoo..., se:cdpVersion: 124.0.2478.51, setWindowRect: true, strictFileInteractability: false, timeouts: {implicit: 0, pageLoad: 300000, script: 30000}, unhandledPromptBehavior: dismiss and notify, webauthn:extension:credBlob: true, webauthn:extension:largeBlob: true, webauthn:extension:minPinLength: true, webauthn:extension:prf: true, webauthn:virtualAuthenticators: true}
	at org.openqa.selenium.remote.service.DriverCommandExecutor.execute(DriverCommandExecutor.java:164)
	at org.openqa.selenium.remote.RemoteWebDriver.execute(RemoteWebDriver.java:518)
	at org.openqa.selenium.remote.RemoteWebDriver.execute(RemoteWebDriver.java:591)
	at org.openqa.selenium.remote.RemoteWebDriver.execute(RemoteWebDriver.java:595)
	at org.openqa.selenium.remote.RemoteWebDriver.quit(RemoteWebDriver.java:433)
	at org.openqa.selenium.chromium.ChromiumDriver.quit(ChromiumDriver.java:432)
	at testBase.BaseClass.tearDown(BaseClass.java:164)
	at java.base/jdk.internal.reflect.DirectMethodHandleAccessor.invoke(DirectMethodHandleAccessor.java:103)
	at java.base/java.lang.reflect.Method.invoke(Method.java:580)
	at org.testng.internal.invokers.MethodInvocationHelper.invokeMethod(MethodInvocationHelper.java:139)
	at org.testng.internal.invokers.MethodInvocationHelper.invokeMethodConsideringTimeout(MethodInvocationHelper.java:69)
	at org.testng.internal.invokers.ConfigInvoker.invokeConfigurationMethod(ConfigInvoker.java:393)
	at org.testng.internal.invokers.ConfigInvoker.invokeConfigurations(ConfigInvoker.java:326)
	at org.testng.internal.invokers.TestMethodWorker.invokeAfterClassConfigurations(TestMethodWorker.java:229)
	at org.testng.internal.invokers.TestMethodWorker.invokeAfterClassMethods(TestMethodWorker.java:215)
	at org.testng.internal.invokers.TestMethodWorker.run(TestMethodWorker.java:131)
	at java.base/java.util.ArrayList.forEach(ArrayList.java:1596)
	at org.testng.TestRunner.privateRun(TestRunner.java:819)
	at org.testng.TestRunner.run(TestRunner.java:619)
	at org.testng.SuiteRunner.runTest(SuiteRunner.java:443)
	at org.testng.SuiteRunner$SuiteWorker.run(SuiteRunner.java:481)
	at org.testng.internal.thread.ThreadUtil.lambda$execute$0(ThreadUtil.java:58)
	at java.base/java.util.concurrent.FutureTask.run(FutureTask.java:317)
	at java.base/java.util.concurrent.ThreadPoolExecutor.runWorker(ThreadPoolExecutor.java:1144)
	at java.base/java.util.concurrent.ThreadPoolExecutor$Worker.run(ThreadPoolExecutor.java:642)
	at java.base/java.lang.Thread.run(Thread.java:1583)
Caused by: java.util.concurrent.ExecutionException: java.lang.NullPointerException: Cannot invoke "java.net.http.HttpClient.sendAsync(java.net.http.HttpRequest, java.net.http.HttpResponse$BodyHandler)" because "this.client" is null
	at java.base/java.util.concurrent.CompletableFuture.reportGet(CompletableFuture.java:396)
	at java.base/java.util.concurrent.CompletableFuture.get(CompletableFuture.java:2096)
	at org.openqa.selenium.remote.service.DriverCommandExecutor.execute(DriverCommandExecutor.java:160)
	... 25 more
Caused by: java.lang.NullPointerException: Cannot invoke "java.net.http.HttpClient.sendAsync(java.net.http.HttpRequest, java.net.http.HttpResponse$BodyHandler)" because "this.client" is null
	at org.openqa.selenium.remote.http.jdk.JdkHttpClient.execute0(JdkHttpClient.java:376)
	at org.openqa.selenium.remote.http.AddSeleniumUserAgent.lambda$apply$0(AddSeleniumUserAgent.java:42)
	at org.openqa.selenium.remote.http.Filter.lambda$andFinally$1(Filter.java:55)
	at org.openqa.selenium.remote.http.jdk.JdkHttpClient.execute(JdkHttpClient.java:352)
	at org.openqa.selenium.remote.HttpCommandExecutor.execute(HttpCommandExecutor.java:187)
	at org.openqa.selenium.remote.service.DriverCommandExecutor.invokeExecute(DriverCommandExecutor.java:216)
	at org.openqa.selenium.remote.service.DriverCommandExecutor.lambda$execute$1(DriverCommandExecutor.java:126)
	at java.base/java.util.concurrent.CompletableFuture$AsyncSupply.run(CompletableFuture.java:1768)
	... 3 more
]]></failure>
  </testcase>
  <testcase name="verify_login" classname="testCases.TC_LF_001_LoginUsingValidCredentials" time="1.338">
    <system-out><![CDATA[Page Mazimized
00:11:29.244 [main] INFO  testCases.TC_LF_001_LoginUsingValidCredentials - ******Starting TC_LF_001_LoginUsingValidCredentials******
00:11:29.653 [main] INFO  testCases.TC_LF_001_LoginUsingValidCredentials - Clicked on Login link
00:11:29.655 [main] INFO  testCases.TC_LF_001_LoginUsingValidCredentials - Entering valid email and password
00:11:30.544 [main] INFO  testCases.TC_LF_001_LoginUsingValidCredentials - Clicked on Login button
00:11:30.582 [main] INFO  testCases.TC_LF_001_LoginUsingValidCredentials - ******Finished TC_LF_001_LoginUsingValidCredentials******
]]></system-out>
  </testcase>
  <testcase name="verify_account_registration" classname="testCases.TC_RF_003_AccountRegistrationwithIncorrectSucessMsg" time="2.449">
    <failure message="null" type="java.lang.AssertionError"><![CDATA[java.lang.AssertionError: null
	at org.testng.Assert.fail(Assert.java:111)
	at org.testng.Assert.fail(Assert.java:116)
	at testCases.TC_RF_003_AccountRegistrationwithIncorrectSucessMsg.verify_account_registration(TC_RF_003_AccountRegistrationwithIncorrectSucessMsg.java:53)
	at java.base/jdk.internal.reflect.DirectMethodHandleAccessor.invoke(DirectMethodHandleAccessor.java:103)
	at java.base/java.lang.reflect.Method.invoke(Method.java:580)
	at org.testng.internal.invokers.MethodInvocationHelper.invokeMethod(MethodInvocationHelper.java:139)
	at org.testng.internal.invokers.TestInvoker.invokeMethod(TestInvoker.java:664)
	at org.testng.internal.invokers.TestInvoker.invokeTestMethod(TestInvoker.java:228)
	at org.testng.internal.invokers.MethodRunner.runInSequence(MethodRunner.java:63)
	at org.testng.internal.invokers.TestInvoker$MethodInvocationAgent.invoke(TestInvoker.java:961)
	at org.testng.internal.invokers.TestInvoker.invokeTestMethods(TestInvoker.java:201)
	at org.testng.internal.invokers.TestMethodWorker.invokeTestMethods(TestMethodWorker.java:148)
	at org.testng.internal.invokers.TestMethodWorker.run(TestMethodWorker.java:128)
	at java.base/java.util.ArrayList.forEach(ArrayList.java:1596)
	at org.testng.TestRunner.privateRun(TestRunner.java:819)
	at org.testng.TestRunner.run(TestRunner.java:619)
	at org.testng.SuiteRunner.runTest(SuiteRunner.java:443)
	at org.testng.SuiteRunner.runSequentially(SuiteRunner.java:437)
	at org.testng.SuiteRunner.privateRun(SuiteRunner.java:397)
	at org.testng.SuiteRunner.run(SuiteRunner.java:336)
	at org.testng.SuiteRunnerWorker.runSuite(SuiteRunnerWorker.java:52)
	at org.testng.SuiteRunnerWorker.run(SuiteRunnerWorker.java:95)
	at org.testng.TestNG.runSuitesSequentially(TestNG.java:1301)
	at org.testng.TestNG.runSuitesLocally(TestNG.java:1228)
	at org.testng.TestNG.runSuites(TestNG.java:1134)
	at org.testng.TestNG.run(TestNG.java:1101)
	at org.apache.maven.surefire.testng.TestNGExecutor.run(TestNGExecutor.java:308)
	at org.apache.maven.surefire.testng.TestNGXmlTestSuite.execute(TestNGXmlTestSuite.java:71)
	at org.apache.maven.surefire.testng.TestNGProvider.invoke(TestNGProvider.java:113)
	at org.apache.maven.surefire.booter.ForkedBooter.runSuitesInProcess(ForkedBooter.java:385)
	at org.apache.maven.surefire.booter.ForkedBooter.execute(ForkedBooter.java:162)
	at org.apache.maven.surefire.booter.ForkedBooter.run(ForkedBooter.java:507)
	at org.apache.maven.surefire.booter.ForkedBooter.main(ForkedBooter.java:495)
]]></failure>
    <system-out><![CDATA[Page Mazimized
00:11:34.181 [main] INFO  testCases.TC_RF_003_AccountRegistrationwithIncorrectSucessMsg - ******Starting TC_RF_003_AccountRegistrationwithIncorrectSucessMsg******
00:11:34.582 [main] INFO  testCases.TC_RF_003_AccountRegistrationwithIncorrectSucessMsg - Clicked on registration link
00:11:34.582 [main] INFO  testCases.TC_RF_003_AccountRegistrationwithIncorrectSucessMsg - Entering customer info
00:11:36.478 [main] INFO  testCases.TC_RF_003_AccountRegistrationwithIncorrectSucessMsg - clicked on Register button..
00:11:36.511 [main] INFO  testCases.TC_RF_003_AccountRegistrationwithIncorrectSucessMsg - Validating expected message..
00:11:36.511 [main] ERROR testCases.TC_RF_003_AccountRegistrationwithIncorrectSucessMsg - Test Failed..
]]></system-out>
  </testcase>
  <testcase name="verify_account_registration_no_data" classname="testCases.TC_RF_002_AccountRegistrationWithNoData_Neg" time="0.589">
    <system-out><![CDATA[Page Mazimized
00:11:40.117 [main] INFO  testCases.TC_RF_002_AccountRegistrationWithNoData_Neg - ******Starting TC_RF_002_AccountRegistrationWithNoData_Neg******
00:11:40.510 [main] INFO  testCases.TC_RF_002_AccountRegistrationWithNoData_Neg - Clicked on registration link
00:11:40.599 [main] INFO  testCases.TC_RF_002_AccountRegistrationWithNoData_Neg - clicked on Register button..
00:11:40.620 [main] INFO  testCases.TC_RF_002_AccountRegistrationWithNoData_Neg - Validating expected First Name warning message..
00:11:40.622 [main] INFO  testCases.TC_RF_002_AccountRegistrationWithNoData_Neg - Firstname warn message displayed - Test Passed..
00:11:40.653 [main] INFO  testCases.TC_RF_002_AccountRegistrationWithNoData_Neg - Validating expected Last Name warning message..
00:11:40.654 [main] INFO  testCases.TC_RF_002_AccountRegistrationWithNoData_Neg - Last Name warn message displayed - Test Passed..
00:11:40.670 [main] INFO  testCases.TC_RF_002_AccountRegistrationWithNoData_Neg - Validating expected Email warning message..
00:11:40.670 [main] INFO  testCases.TC_RF_002_AccountRegistrationWithNoData_Neg - Email warn message displayed - Test Passed..
00:11:40.688 [main] INFO  testCases.TC_RF_002_AccountRegistrationWithNoData_Neg - Validating expected Password warning message..
00:11:40.688 [main] INFO  testCases.TC_RF_002_AccountRegistrationWithNoData_Neg - Password warn message displayed - Test Passed..
00:11:40.703 [main] INFO  testCases.TC_RF_002_AccountRegistrationWithNoData_Neg - Validating expected Confim Password warning message..
00:11:40.704 [main] INFO  testCases.TC_RF_002_AccountRegistrationWithNoData_Neg - Confirm Password warn message displayed - Test Passed..
]]></system-out>
  </testcase>
  <testcase name="verify_loginDDT[TESTBB@TEST.com, test1234!, Valid](1)" classname="testCases.TC_LF_002_003_004_LoginDDT" time="1.78">
    <system-out><![CDATA[Page Mazimized
00:11:44.837 [main] INFO  testCases.TC_LF_002_003_004_LoginDDT - ******Starting TC_LF_002_003_004_LoginDDT******
00:11:45.215 [main] INFO  testCases.TC_LF_002_003_004_LoginDDT - Clicked on Login link
00:11:45.215 [main] INFO  testCases.TC_LF_002_003_004_LoginDDT - Entering valid email id..
00:11:45.314 [main] INFO  testCases.TC_LF_002_003_004_LoginDDT - Entering valid password..
00:11:45.382 [main] INFO  testCases.TC_LF_002_003_004_LoginDDT - Clicked on Login button..
00:11:46.614 [main] INFO  testCases.TC_LF_002_003_004_LoginDDT - Test Passed..
00:11:46.614 [main] INFO  testCases.TC_LF_002_003_004_LoginDDT - ******Finished TC_LF_002_003_004_LoginDDT******
]]></system-out>
  </testcase>
  <testcase name="verify_loginDDT[Jack@yahoo.com, Jacky@, Invalid](2)" classname="testCases.TC_LF_002_003_004_LoginDDT" time="11.244">
    <system-out><![CDATA[00:11:46.616 [main] INFO  testCases.TC_LF_002_003_004_LoginDDT - ******Starting TC_LF_002_003_004_LoginDDT******
00:11:47.307 [main] INFO  testCases.TC_LF_002_003_004_LoginDDT - Clicked on Login link
00:11:47.308 [main] INFO  testCases.TC_LF_002_003_004_LoginDDT - Entering valid email id..
00:11:47.387 [main] INFO  testCases.TC_LF_002_003_004_LoginDDT - Entering valid password..
00:11:47.448 [main] INFO  testCases.TC_LF_002_003_004_LoginDDT - Clicked on Login button..
00:11:57.858 [main] INFO  testCases.TC_LF_002_003_004_LoginDDT - Test Passed..
00:11:57.859 [main] INFO  testCases.TC_LF_002_003_004_LoginDDT - ******Finished TC_LF_002_003_004_LoginDDT******
]]></system-out>
  </testcase>
  <testcase name="verify_loginDDT[Jacki@yahoo.com, Jacki, Invalid](3)" classname="testCases.TC_LF_002_003_004_LoginDDT" time="11.219">
    <system-out><![CDATA[00:11:57.860 [main] INFO  testCases.TC_LF_002_003_004_LoginDDT - ******Starting TC_LF_002_003_004_LoginDDT******
00:11:58.544 [main] INFO  testCases.TC_LF_002_003_004_LoginDDT - Clicked on Login link
00:11:58.545 [main] INFO  testCases.TC_LF_002_003_004_LoginDDT - Entering valid email id..
00:11:58.616 [main] INFO  testCases.TC_LF_002_003_004_LoginDDT - Entering valid password..
00:11:58.673 [main] INFO  testCases.TC_LF_002_003_004_LoginDDT - Clicked on Login button..
00:12:09.077 [main] INFO  testCases.TC_LF_002_003_004_LoginDDT - Test Passed..
00:12:09.077 [main] INFO  testCases.TC_LF_002_003_004_LoginDDT - ******Finished TC_LF_002_003_004_LoginDDT******
]]></system-out>
  </testcase>
  <testcase name="verify_loginDDT[laks@yahoo.com, xyz, Invalid](4)" classname="testCases.TC_LF_002_003_004_LoginDDT" time="11.258">
    <system-out><![CDATA[00:12:09.079 [main] INFO  testCases.TC_LF_002_003_004_LoginDDT - ******Starting TC_LF_002_003_004_LoginDDT******
00:12:09.768 [main] INFO  testCases.TC_LF_002_003_004_LoginDDT - Clicked on Login link
00:12:09.768 [main] INFO  testCases.TC_LF_002_003_004_LoginDDT - Entering valid email id..
00:12:09.846 [main] INFO  testCases.TC_LF_002_003_004_LoginDDT - Entering valid password..
00:12:09.905 [main] INFO  testCases.TC_LF_002_003_004_LoginDDT - Clicked on Login button..
00:12:20.335 [main] INFO  testCases.TC_LF_002_003_004_LoginDDT - Test Passed..
00:12:20.335 [main] INFO  testCases.TC_LF_002_003_004_LoginDDT - ******Finished TC_LF_002_003_004_LoginDDT******
]]></system-out>
  </testcase>
  <testcase name="verify_loginDDT[TESTCC@TEST.com, test1234!, Valid](5)" classname="testCases.TC_LF_002_003_004_LoginDDT" time="2.095">
    <system-out><![CDATA[00:12:20.337 [main] INFO  testCases.TC_LF_002_003_004_LoginDDT - ******Starting TC_LF_002_003_004_LoginDDT******
00:12:21.005 [main] INFO  testCases.TC_LF_002_003_004_LoginDDT - Clicked on Login link
00:12:21.006 [main] INFO  testCases.TC_LF_002_003_004_LoginDDT - Entering valid email id..
00:12:21.089 [main] INFO  testCases.TC_LF_002_003_004_LoginDDT - Entering valid password..
00:12:21.161 [main] INFO  testCases.TC_LF_002_003_004_LoginDDT - Clicked on Login button..
00:12:22.431 [main] INFO  testCases.TC_LF_002_003_004_LoginDDT - Test Passed..
00:12:22.431 [main] INFO  testCases.TC_LF_002_003_004_LoginDDT - ******Finished TC_LF_002_003_004_LoginDDT******
]]></system-out>
  </testcase>
</testsuite>