<?xml version="1.0" encoding="UTF-8"?>
<testng-results ignored="0" total="13" passed="12" failed="1" skipped="0">
  <reporter-output>
  </reporter-output>
  <suite started-at="2024-05-03T10:51:53 EDT" name="Suite" finished-at="2024-05-03T10:53:34 EDT" duration-ms="101665">
    <groups>
      <group name="regression">
        <method signature="TC_ATC_001_Adding_product_to_Cart.verify_login()[pri:0, instance:testCases.TC_ATC_001_Adding_product_to_Cart@22555ebf]" name="verify_login" class="testCases.TC_ATC_001_Adding_product_to_Cart"/>
        <method signature="TC_ATC_002_Remove_Product_from_Cart.verify_login()[pri:0, instance:testCases.TC_ATC_002_Remove_Product_from_Cart@36ebc363]" name="verify_login" class="testCases.TC_ATC_002_Remove_Product_from_Cart"/>
        <method signature="TC_CO_001_Checkout_as_SignedIn_User.verify_login()[pri:0, instance:testCases.TC_CO_001_Checkout_as_SignedIn_User@54d9d12d]" name="verify_login" class="testCases.TC_CO_001_Checkout_as_SignedIn_User"/>
        <method signature="TC_LF_002_003_004_LoginDDT.verify_loginDDT(java.lang.String,java.lang.String,java.lang.String)[pri:0, instance:testCases.TC_LF_002_003_004_LoginDDT@3c41ed1d]" name="verify_loginDDT" class="testCases.TC_LF_002_003_004_LoginDDT"/>
        <method signature="TC_RF_001_AccountRegistration.verify_account_registration()[pri:0, instance:testCases.TC_RF_001_AccountRegistration@776aec5c]" name="verify_account_registration" class="testCases.TC_RF_001_AccountRegistration"/>
        <method signature="TC_RF_002_AccountRegistrationWithNoData_Neg.verify_account_registration_no_data()[pri:0, instance:testCases.TC_RF_002_AccountRegistrationWithNoData_Neg@34e9fd99]" name="verify_account_registration_no_data" class="testCases.TC_RF_002_AccountRegistrationWithNoData_Neg"/>
        <method signature="TC_RF_003_AccountRegistrationwithIncorrectSucessMsg.verify_account_registration()[pri:0, instance:testCases.TC_RF_003_AccountRegistrationwithIncorrectSucessMsg@45752059]" name="verify_account_registration" class="testCases.TC_RF_003_AccountRegistrationwithIncorrectSucessMsg"/>
      </group> <!-- regression -->
      <group name="sanity">
        <method signature="TC_LF_001_LoginUsingValidCredentials.verify_login()[pri:0, instance:testCases.TC_LF_001_LoginUsingValidCredentials@206a70ef]" name="verify_login" class="testCases.TC_LF_001_LoginUsingValidCredentials"/>
        <method signature="TC_LG_001_Logout_Functionality.verify_login()[pri:0, instance:testCases.TC_LG_001_Logout_Functionality@292b08d6]" name="verify_login" class="testCases.TC_LG_001_Logout_Functionality"/>
      </group> <!-- sanity -->
      <group name="master">
        <method signature="TC_ATC_001_Adding_product_to_Cart.verify_login()[pri:0, instance:testCases.TC_ATC_001_Adding_product_to_Cart@22555ebf]" name="verify_login" class="testCases.TC_ATC_001_Adding_product_to_Cart"/>
        <method signature="TC_ATC_002_Remove_Product_from_Cart.verify_login()[pri:0, instance:testCases.TC_ATC_002_Remove_Product_from_Cart@36ebc363]" name="verify_login" class="testCases.TC_ATC_002_Remove_Product_from_Cart"/>
        <method signature="TC_CO_001_Checkout_as_SignedIn_User.verify_login()[pri:0, instance:testCases.TC_CO_001_Checkout_as_SignedIn_User@54d9d12d]" name="verify_login" class="testCases.TC_CO_001_Checkout_as_SignedIn_User"/>
        <method signature="TC_LF_001_LoginUsingValidCredentials.verify_login()[pri:0, instance:testCases.TC_LF_001_LoginUsingValidCredentials@206a70ef]" name="verify_login" class="testCases.TC_LF_001_LoginUsingValidCredentials"/>
        <method signature="TC_LF_002_003_004_LoginDDT.verify_loginDDT(java.lang.String,java.lang.String,java.lang.String)[pri:0, instance:testCases.TC_LF_002_003_004_LoginDDT@3c41ed1d]" name="verify_loginDDT" class="testCases.TC_LF_002_003_004_LoginDDT"/>
        <method signature="TC_LG_001_Logout_Functionality.verify_login()[pri:0, instance:testCases.TC_LG_001_Logout_Functionality@292b08d6]" name="verify_login" class="testCases.TC_LG_001_Logout_Functionality"/>
        <method signature="TC_RF_001_AccountRegistration.verify_account_registration()[pri:0, instance:testCases.TC_RF_001_AccountRegistration@776aec5c]" name="verify_account_registration" class="testCases.TC_RF_001_AccountRegistration"/>
        <method signature="TC_RF_002_AccountRegistrationWithNoData_Neg.verify_account_registration_no_data()[pri:0, instance:testCases.TC_RF_002_AccountRegistrationWithNoData_Neg@34e9fd99]" name="verify_account_registration_no_data" class="testCases.TC_RF_002_AccountRegistrationWithNoData_Neg"/>
        <method signature="TC_RF_003_AccountRegistrationwithIncorrectSucessMsg.verify_account_registration()[pri:0, instance:testCases.TC_RF_003_AccountRegistrationwithIncorrectSucessMsg@45752059]" name="verify_account_registration" class="testCases.TC_RF_003_AccountRegistrationwithIncorrectSucessMsg"/>
      </group> <!-- master -->
    </groups>
    <test started-at="2024-05-03T10:51:53 EDT" name="Test" finished-at="2024-05-03T10:53:34 EDT" duration-ms="101665">
      <class name="testCases.TC_LF_002_003_004_LoginDDT">
        <test-method is-config="true" signature="setup(java.lang.String,java.lang.String)[pri:0, instance:testCases.TC_LF_002_003_004_LoginDDT@3c41ed1d]" started-at="2024-05-03T10:52:39 EDT" name="setup" finished-at="2024-05-03T10:52:41 EDT" duration-ms="2873" status="PASS">
          <params>
            <param index="0">
              <value>
                <![CDATA[Windows]]>
              </value>
            </param>
            <param index="1">
              <value>
                <![CDATA[Chrome]]>
              </value>
            </param>
          </params>
          <reporter-output>
          </reporter-output>
        </test-method> <!-- setup -->
        <test-method signature="verify_loginDDT(java.lang.String,java.lang.String,java.lang.String)[pri:0, instance:testCases.TC_LF_002_003_004_LoginDDT@3c41ed1d]" started-at="2024-05-03T10:52:42 EDT" name="verify_loginDDT" data-provider="LoginData" finished-at="2024-05-03T10:52:44 EDT" duration-ms="1839" status="PASS">
          <params>
            <param index="0">
              <value>
                <![CDATA[TESTBB@TEST.com]]>
              </value>
            </param>
            <param index="1">
              <value>
                <![CDATA[test1234!]]>
              </value>
            </param>
            <param index="2">
              <value>
                <![CDATA[Valid]]>
              </value>
            </param>
          </params>
          <reporter-output>
          </reporter-output>
        </test-method> <!-- verify_loginDDT -->
        <test-method signature="verify_loginDDT(java.lang.String,java.lang.String,java.lang.String)[pri:0, instance:testCases.TC_LF_002_003_004_LoginDDT@3c41ed1d]" started-at="2024-05-03T10:52:44 EDT" name="verify_loginDDT" data-provider="LoginData" finished-at="2024-05-03T10:52:55 EDT" duration-ms="10939" status="PASS">
          <params>
            <param index="0">
              <value>
                <![CDATA[Jack@yahoo.com]]>
              </value>
            </param>
            <param index="1">
              <value>
                <![CDATA[Jacky@]]>
              </value>
            </param>
            <param index="2">
              <value>
                <![CDATA[Invalid]]>
              </value>
            </param>
          </params>
          <reporter-output>
          </reporter-output>
        </test-method> <!-- verify_loginDDT -->
        <test-method signature="verify_loginDDT(java.lang.String,java.lang.String,java.lang.String)[pri:0, instance:testCases.TC_LF_002_003_004_LoginDDT@3c41ed1d]" started-at="2024-05-03T10:52:55 EDT" name="verify_loginDDT" data-provider="LoginData" finished-at="2024-05-03T10:53:06 EDT" duration-ms="10881" status="PASS">
          <params>
            <param index="0">
              <value>
                <![CDATA[Jacki@yahoo.com]]>
              </value>
            </param>
            <param index="1">
              <value>
                <![CDATA[Jacki]]>
              </value>
            </param>
            <param index="2">
              <value>
                <![CDATA[Invalid]]>
              </value>
            </param>
          </params>
          <reporter-output>
          </reporter-output>
        </test-method> <!-- verify_loginDDT -->
        <test-method signature="verify_loginDDT(java.lang.String,java.lang.String,java.lang.String)[pri:0, instance:testCases.TC_LF_002_003_004_LoginDDT@3c41ed1d]" started-at="2024-05-03T10:53:06 EDT" name="verify_loginDDT" data-provider="LoginData" finished-at="2024-05-03T10:53:17 EDT" duration-ms="10929" status="PASS">
          <params>
            <param index="0">
              <value>
                <![CDATA[laks@yahoo.com]]>
              </value>
            </param>
            <param index="1">
              <value>
                <![CDATA[xyz]]>
              </value>
            </param>
            <param index="2">
              <value>
                <![CDATA[Invalid]]>
              </value>
            </param>
          </params>
          <reporter-output>
          </reporter-output>
        </test-method> <!-- verify_loginDDT -->
        <test-method signature="verify_loginDDT(java.lang.String,java.lang.String,java.lang.String)[pri:0, instance:testCases.TC_LF_002_003_004_LoginDDT@3c41ed1d]" started-at="2024-05-03T10:53:17 EDT" name="verify_loginDDT" data-provider="LoginData" finished-at="2024-05-03T10:53:19 EDT" duration-ms="1806" status="PASS">
          <params>
            <param index="0">
              <value>
                <![CDATA[TESTCC@TEST.com]]>
              </value>
            </param>
            <param index="1">
              <value>
                <![CDATA[test1234!]]>
              </value>
            </param>
            <param index="2">
              <value>
                <![CDATA[Valid]]>
              </value>
            </param>
          </params>
          <reporter-output>
          </reporter-output>
        </test-method> <!-- verify_loginDDT -->
        <test-method is-config="true" signature="tearDown()[pri:0, instance:testCases.TC_LF_002_003_004_LoginDDT@3c41ed1d]" started-at="2024-05-03T10:53:19 EDT" name="tearDown" finished-at="2024-05-03T10:53:19 EDT" duration-ms="143" status="PASS">
          <reporter-output>
          </reporter-output>
        </test-method> <!-- tearDown -->
      </class> <!-- testCases.TC_LF_002_003_004_LoginDDT -->
      <class name="testCases.TC_CO_001_Checkout_as_SignedIn_User">
        <test-method is-config="true" signature="setup(java.lang.String,java.lang.String)[pri:0, instance:testCases.TC_CO_001_Checkout_as_SignedIn_User@54d9d12d]" started-at="2024-05-03T10:53:19 EDT" name="setup" finished-at="2024-05-03T10:53:22 EDT" duration-ms="3042" status="PASS">
          <params>
            <param index="0">
              <value>
                <![CDATA[Windows]]>
              </value>
            </param>
            <param index="1">
              <value>
                <![CDATA[Chrome]]>
              </value>
            </param>
          </params>
          <reporter-output>
          </reporter-output>
        </test-method> <!-- setup -->
        <test-method signature="verify_login()[pri:0, instance:testCases.TC_CO_001_Checkout_as_SignedIn_User@54d9d12d]" started-at="2024-05-03T10:53:22 EDT" name="verify_login" finished-at="2024-05-03T10:53:34 EDT" duration-ms="11781" status="PASS">
          <reporter-output>
          </reporter-output>
        </test-method> <!-- verify_login -->
        <test-method is-config="true" signature="tearDown()[pri:0, instance:testCases.TC_CO_001_Checkout_as_SignedIn_User@54d9d12d]" started-at="2024-05-03T10:53:34 EDT" name="tearDown" finished-at="2024-05-03T10:53:34 EDT" duration-ms="803" status="PASS">
          <reporter-output>
          </reporter-output>
        </test-method> <!-- tearDown -->
      </class> <!-- testCases.TC_CO_001_Checkout_as_SignedIn_User -->
      <class name="testCases.TC_ATC_002_Remove_Product_from_Cart">
        <test-method is-config="true" signature="setup(java.lang.String,java.lang.String)[pri:0, instance:testCases.TC_ATC_002_Remove_Product_from_Cart@36ebc363]" started-at="2024-05-03T10:52:17 EDT" name="setup" finished-at="2024-05-03T10:52:20 EDT" duration-ms="2933" status="PASS">
          <params>
            <param index="0">
              <value>
                <![CDATA[Windows]]>
              </value>
            </param>
            <param index="1">
              <value>
                <![CDATA[Chrome]]>
              </value>
            </param>
          </params>
          <reporter-output>
          </reporter-output>
        </test-method> <!-- setup -->
        <test-method signature="verify_login()[pri:0, instance:testCases.TC_ATC_002_Remove_Product_from_Cart@36ebc363]" started-at="2024-05-03T10:52:20 EDT" name="verify_login" finished-at="2024-05-03T10:52:29 EDT" duration-ms="9533" status="PASS">
          <reporter-output>
          </reporter-output>
        </test-method> <!-- verify_login -->
        <test-method is-config="true" signature="tearDown()[pri:0, instance:testCases.TC_ATC_002_Remove_Product_from_Cart@36ebc363]" started-at="2024-05-03T10:52:29 EDT" name="tearDown" finished-at="2024-05-03T10:52:30 EDT" duration-ms="1018" status="PASS">
          <reporter-output>
          </reporter-output>
        </test-method> <!-- tearDown -->
      </class> <!-- testCases.TC_ATC_002_Remove_Product_from_Cart -->
      <class name="testCases.TC_RF_002_AccountRegistrationWithNoData_Neg">
        <test-method is-config="true" signature="setup(java.lang.String,java.lang.String)[pri:0, instance:testCases.TC_RF_002_AccountRegistrationWithNoData_Neg@34e9fd99]" started-at="2024-05-03T10:52:35 EDT" name="setup" finished-at="2024-05-03T10:52:38 EDT" duration-ms="3116" status="PASS">
          <params>
            <param index="0">
              <value>
                <![CDATA[Windows]]>
              </value>
            </param>
            <param index="1">
              <value>
                <![CDATA[Chrome]]>
              </value>
            </param>
          </params>
          <reporter-output>
          </reporter-output>
        </test-method> <!-- setup -->
        <test-method signature="verify_account_registration_no_data()[pri:0, instance:testCases.TC_RF_002_AccountRegistrationWithNoData_Neg@34e9fd99]" started-at="2024-05-03T10:52:38 EDT" name="verify_account_registration_no_data" finished-at="2024-05-03T10:52:38 EDT" duration-ms="625" status="PASS">
          <reporter-output>
          </reporter-output>
        </test-method> <!-- verify_account_registration_no_data -->
        <test-method is-config="true" signature="tearDown()[pri:0, instance:testCases.TC_RF_002_AccountRegistrationWithNoData_Neg@34e9fd99]" started-at="2024-05-03T10:52:38 EDT" name="tearDown" finished-at="2024-05-03T10:52:39 EDT" duration-ms="95" status="PASS">
          <reporter-output>
          </reporter-output>
        </test-method> <!-- tearDown -->
      </class> <!-- testCases.TC_RF_002_AccountRegistrationWithNoData_Neg -->
      <class name="testCases.TC_RF_003_AccountRegistrationwithIncorrectSucessMsg">
        <test-method is-config="true" signature="setup(java.lang.String,java.lang.String)[pri:0, instance:testCases.TC_RF_003_AccountRegistrationwithIncorrectSucessMsg@45752059]" started-at="2024-05-03T10:52:30 EDT" name="setup" finished-at="2024-05-03T10:52:33 EDT" duration-ms="2834" status="PASS">
          <params>
            <param index="0">
              <value>
                <![CDATA[Windows]]>
              </value>
            </param>
            <param index="1">
              <value>
                <![CDATA[Chrome]]>
              </value>
            </param>
          </params>
          <reporter-output>
          </reporter-output>
        </test-method> <!-- setup -->
        <test-method signature="verify_account_registration()[pri:0, instance:testCases.TC_RF_003_AccountRegistrationwithIncorrectSucessMsg@45752059]" started-at="2024-05-03T10:52:33 EDT" name="verify_account_registration" finished-at="2024-05-03T10:52:35 EDT" duration-ms="1616" status="FAIL">
          <exception class="java.lang.AssertionError">
            <message>
              <![CDATA[null]]>
            </message>
            <full-stacktrace>
              <![CDATA[java.lang.AssertionError: null
at org.testng.Assert.fail(Assert.java:111)
at org.testng.Assert.fail(Assert.java:116)
at testCases.TC_RF_003_AccountRegistrationwithIncorrectSucessMsg.verify_account_registration(TC_RF_003_AccountRegistrationwithIncorrectSucessMsg.java:53)
at java.base/jdk.internal.reflect.DirectMethodHandleAccessor.invoke(DirectMethodHandleAccessor.java:103)
at java.base/java.lang.reflect.Method.invoke(Method.java:580)
at org.testng.internal.invokers.MethodInvocationHelper.invokeMethod(MethodInvocationHelper.java:139)
at org.testng.internal.invokers.TestInvoker.invokeMethod(TestInvoker.java:664)
at org.testng.internal.invokers.TestInvoker.invokeTestMethod(TestInvoker.java:228)
at org.testng.internal.invokers.MethodRunner.runInSequence(MethodRunner.java:63)
at org.testng.internal.invokers.TestInvoker$MethodInvocationAgent.invoke(TestInvoker.java:961)
at org.testng.internal.invokers.TestInvoker.invokeTestMethods(TestInvoker.java:201)
at org.testng.internal.invokers.TestMethodWorker.invokeTestMethods(TestMethodWorker.java:148)
at org.testng.internal.invokers.TestMethodWorker.run(TestMethodWorker.java:128)
at java.base/java.util.ArrayList.forEach(ArrayList.java:1596)
at org.testng.TestRunner.privateRun(TestRunner.java:819)
at org.testng.TestRunner.run(TestRunner.java:619)
at org.testng.SuiteRunner.runTest(SuiteRunner.java:443)
at org.testng.SuiteRunner.runSequentially(SuiteRunner.java:437)
at org.testng.SuiteRunner.privateRun(SuiteRunner.java:397)
at org.testng.SuiteRunner.run(SuiteRunner.java:336)
at org.testng.SuiteRunnerWorker.runSuite(SuiteRunnerWorker.java:52)
at org.testng.SuiteRunnerWorker.run(SuiteRunnerWorker.java:95)
at org.testng.TestNG.runSuitesSequentially(TestNG.java:1301)
at org.testng.TestNG.runSuitesLocally(TestNG.java:1228)
at org.testng.TestNG.runSuites(TestNG.java:1134)
at org.testng.TestNG.run(TestNG.java:1101)
at org.testng.remote.AbstractRemoteTestNG.run(AbstractRemoteTestNG.java:115)
at org.testng.remote.RemoteTestNG.initAndRun(RemoteTestNG.java:251)
at org.testng.remote.RemoteTestNG.main(RemoteTestNG.java:77)
]]>
            </full-stacktrace>
          </exception> <!-- java.lang.AssertionError -->
          <reporter-output>
          </reporter-output>
        </test-method> <!-- verify_account_registration -->
        <test-method is-config="true" signature="tearDown()[pri:0, instance:testCases.TC_RF_003_AccountRegistrationwithIncorrectSucessMsg@45752059]" started-at="2024-05-03T10:52:35 EDT" name="tearDown" finished-at="2024-05-03T10:52:35 EDT" duration-ms="111" status="PASS">
          <reporter-output>
          </reporter-output>
        </test-method> <!-- tearDown -->
      </class> <!-- testCases.TC_RF_003_AccountRegistrationwithIncorrectSucessMsg -->
      <class name="testCases.TC_LG_001_Logout_Functionality">
        <test-method is-config="true" signature="setup(java.lang.String,java.lang.String)[pri:0, instance:testCases.TC_LG_001_Logout_Functionality@292b08d6]" started-at="2024-05-03T10:52:03 EDT" name="setup" finished-at="2024-05-03T10:52:06 EDT" duration-ms="2919" status="PASS">
          <params>
            <param index="0">
              <value>
                <![CDATA[Windows]]>
              </value>
            </param>
            <param index="1">
              <value>
                <![CDATA[Chrome]]>
              </value>
            </param>
          </params>
          <reporter-output>
          </reporter-output>
        </test-method> <!-- setup -->
        <test-method signature="verify_login()[pri:0, instance:testCases.TC_LG_001_Logout_Functionality@292b08d6]" started-at="2024-05-03T10:52:06 EDT" name="verify_login" finished-at="2024-05-03T10:52:08 EDT" duration-ms="2021" status="PASS">
          <reporter-output>
          </reporter-output>
        </test-method> <!-- verify_login -->
        <test-method is-config="true" signature="tearDown()[pri:0, instance:testCases.TC_LG_001_Logout_Functionality@292b08d6]" started-at="2024-05-03T10:52:08 EDT" name="tearDown" finished-at="2024-05-03T10:52:08 EDT" duration-ms="102" status="PASS">
          <reporter-output>
          </reporter-output>
        </test-method> <!-- tearDown -->
      </class> <!-- testCases.TC_LG_001_Logout_Functionality -->
      <class name="testCases.TC_LF_001_LoginUsingValidCredentials">
        <test-method is-config="true" signature="setup(java.lang.String,java.lang.String)[pri:0, instance:testCases.TC_LF_001_LoginUsingValidCredentials@206a70ef]" started-at="2024-05-03T10:51:58 EDT" name="setup" finished-at="2024-05-03T10:52:01 EDT" duration-ms="3118" status="PASS">
          <params>
            <param index="0">
              <value>
                <![CDATA[Windows]]>
              </value>
            </param>
            <param index="1">
              <value>
                <![CDATA[Chrome]]>
              </value>
            </param>
          </params>
          <reporter-output>
          </reporter-output>
        </test-method> <!-- setup -->
        <test-method signature="verify_login()[pri:0, instance:testCases.TC_LF_001_LoginUsingValidCredentials@206a70ef]" started-at="2024-05-03T10:52:01 EDT" name="verify_login" finished-at="2024-05-03T10:52:03 EDT" duration-ms="1253" status="PASS">
          <reporter-output>
          </reporter-output>
        </test-method> <!-- verify_login -->
        <test-method is-config="true" signature="tearDown()[pri:0, instance:testCases.TC_LF_001_LoginUsingValidCredentials@206a70ef]" started-at="2024-05-03T10:52:03 EDT" name="tearDown" finished-at="2024-05-03T10:52:03 EDT" duration-ms="103" status="PASS">
          <reporter-output>
          </reporter-output>
        </test-method> <!-- tearDown -->
      </class> <!-- testCases.TC_LF_001_LoginUsingValidCredentials -->
      <class name="testCases.TC_ATC_001_Adding_product_to_Cart">
        <test-method is-config="true" signature="setup(java.lang.String,java.lang.String)[pri:0, instance:testCases.TC_ATC_001_Adding_product_to_Cart@22555ebf]" started-at="2024-05-03T10:52:08 EDT" name="setup" finished-at="2024-05-03T10:52:11 EDT" duration-ms="3238" status="PASS">
          <params>
            <param index="0">
              <value>
                <![CDATA[Windows]]>
              </value>
            </param>
            <param index="1">
              <value>
                <![CDATA[Chrome]]>
              </value>
            </param>
          </params>
          <reporter-output>
          </reporter-output>
        </test-method> <!-- setup -->
        <test-method signature="verify_login()[pri:0, instance:testCases.TC_ATC_001_Adding_product_to_Cart@22555ebf]" started-at="2024-05-03T10:52:11 EDT" name="verify_login" finished-at="2024-05-03T10:52:16 EDT" duration-ms="5371" status="PASS">
          <reporter-output>
          </reporter-output>
        </test-method> <!-- verify_login -->
        <test-method is-config="true" signature="tearDown()[pri:0, instance:testCases.TC_ATC_001_Adding_product_to_Cart@22555ebf]" started-at="2024-05-03T10:52:16 EDT" name="tearDown" finished-at="2024-05-03T10:52:17 EDT" duration-ms="100" status="PASS">
          <reporter-output>
          </reporter-output>
        </test-method> <!-- tearDown -->
      </class> <!-- testCases.TC_ATC_001_Adding_product_to_Cart -->
      <class name="testCases.TC_RF_001_AccountRegistration">
        <test-method is-config="true" signature="setup(java.lang.String,java.lang.String)[pri:0, instance:testCases.TC_RF_001_AccountRegistration@776aec5c]" started-at="2024-05-03T10:51:53 EDT" name="setup" finished-at="2024-05-03T10:51:57 EDT" duration-ms="3633" status="PASS">
          <params>
            <param index="0">
              <value>
                <![CDATA[Windows]]>
              </value>
            </param>
            <param index="1">
              <value>
                <![CDATA[Chrome]]>
              </value>
            </param>
          </params>
          <reporter-output>
          </reporter-output>
        </test-method> <!-- setup -->
        <test-method signature="verify_account_registration()[pri:0, instance:testCases.TC_RF_001_AccountRegistration@776aec5c]" started-at="2024-05-03T10:51:57 EDT" name="verify_account_registration" finished-at="2024-05-03T10:51:58 EDT" duration-ms="1685" status="PASS">
          <reporter-output>
          </reporter-output>
        </test-method> <!-- verify_account_registration -->
        <test-method is-config="true" signature="tearDown()[pri:0, instance:testCases.TC_RF_001_AccountRegistration@776aec5c]" started-at="2024-05-03T10:51:58 EDT" name="tearDown" finished-at="2024-05-03T10:51:58 EDT" duration-ms="112" status="PASS">
          <reporter-output>
          </reporter-output>
        </test-method> <!-- tearDown -->
      </class> <!-- testCases.TC_RF_001_AccountRegistration -->
    </test> <!-- Test -->
  </suite> <!-- Suite -->
</testng-results>
